<?xml version="1.0" encoding="UTF-8"?>
<!DOCTYPE suite SYSTEM "http://testng.org/testng-1.0.dtd">
<suite name="All Test Suite" parallel="true">
    <test verbose="2" preserve-order="true"
          name="Tests">
        <classes>
            <class name="apitest.CaseStudyTests">
                <methods>
                    <include name="whenUserPostTokenServiceShouldRetrieveToken"/>
                    <include name="whenUserGetViewInvoiceServiceShouldRetrieveInvoiceLink"/>
                    <include name="whenUserPostSendInvoiceServiceShouldBeSuccess"/>
                </methods>
            </class>
        </classes>
    </test>
</suite>
